<?xml version="1.0" encoding="UTF-8"?>
<!-- Generated by org.testng.reporters.JUnitReportReporter -->
<testsuite hostname="DESKTOP-IIC9HPG" failures="0" tests="2" name="requersTestCase.queryParameterAndPathParameter" time="2.706" errors="0" timestamp="2024-10-24T10:44:53 IST" skipped="0">
  <testcase classname="requersTestCase.queryParameterAndPathParameter" name="pathParametr" time="1.954"/>
  <testcase classname="requersTestCase.queryParameterAndPathParameter" name="queryParameterEx" time="0.752"/>
</testsuite> <!-- requersTestCase.queryParameterAndPathParameter -->
